[debug] [2023-10-14T11:47:56.177Z] ----------------------------------------------------------------------
[debug] [2023-10-14T11:47:56.179Z] Command:       C:\Program Files\nodejs\node.exe C:\Users\bren\AppData\Roaming\npm\node_modules\firebase-tools\lib\bin\firebase.js init
[debug] [2023-10-14T11:47:56.180Z] CLI Version:   12.7.0
[debug] [2023-10-14T11:47:56.180Z] Platform:      win32
[debug] [2023-10-14T11:47:56.180Z] Node Version:  v20.3.1
[debug] [2023-10-14T11:47:56.180Z] Time:          Sat Oct 14 2023 12:47:56 GMT+0100 (British Summer Time)
[debug] [2023-10-14T11:47:56.180Z] ----------------------------------------------------------------------
[debug] 
[debug] [2023-10-14T11:47:56.188Z] > command requires scopes: ["email","openid","https://www.googleapis.com/auth/cloudplatformprojects.readonly","https://www.googleapis.com/auth/firebase","https://www.googleapis.com/auth/cloud-platform"]
[debug] [2023-10-14T11:47:56.188Z] > authorizing via signed-in user (lizardonsprings@googlemail.com)
[info] 
     ######## #### ########  ######## ########     ###     ######  ########
     ##        ##  ##     ## ##       ##     ##  ##   ##  ##       ##
     ######    ##  ########  ######   ########  #########  ######  ######
     ##        ##  ##    ##  ##       ##     ## ##     ##       ## ##
     ##       #### ##     ## ######## ########  ##     ##  ######  ########

You're about to initialize a Firebase project in this directory:

  C:\Users\bren\Nerd\hollowtracker

[info] 
=== Project Setup
[info] 
[info] First, let's associate this project directory with a Firebase project.
[info] You can create multiple project aliases by running firebase use --add, 
[info] but for now we'll just set up a default project.
[info] 
[debug] [2023-10-14T11:48:31.241Z] >>> [apiv2][query] GET https://firebase.googleapis.com/v1beta1/projects pageSize=100
[debug] [2023-10-14T11:48:31.949Z] <<< [apiv2][status] GET https://firebase.googleapis.com/v1beta1/projects 200
[debug] [2023-10-14T11:48:31.949Z] <<< [apiv2][body] GET https://firebase.googleapis.com/v1beta1/projects [omitted]
[info] i  Using project hollowtracker (hollowtracker) 
[info] 
=== Firestore Setup
[debug] [2023-10-14T11:48:32.826Z] >>> [apiv2][query] GET https://serviceusage.googleapis.com/v1/projects/hollowtracker/services/firestore.googleapis.com [none]
[debug] [2023-10-14T11:48:32.826Z] >>> [apiv2][(partial)header] GET https://serviceusage.googleapis.com/v1/projects/hollowtracker/services/firestore.googleapis.com x-goog-quota-user=projects/hollowtracker
[debug] [2023-10-14T11:48:33.695Z] <<< [apiv2][status] GET https://serviceusage.googleapis.com/v1/projects/hollowtracker/services/firestore.googleapis.com 200
[debug] [2023-10-14T11:48:33.696Z] <<< [apiv2][body] GET https://serviceusage.googleapis.com/v1/projects/hollowtracker/services/firestore.googleapis.com [omitted]
[debug] [2023-10-14T11:48:33.696Z] >>> [apiv2][query] GET https://firestore.googleapis.com/v1/projects/hollowtracker/databases/(default) [none]
[debug] [2023-10-14T11:48:33.892Z] <<< [apiv2][status] GET https://firestore.googleapis.com/v1/projects/hollowtracker/databases/(default) 200
[debug] [2023-10-14T11:48:33.892Z] <<< [apiv2][body] GET https://firestore.googleapis.com/v1/projects/hollowtracker/databases/(default) {"name":"projects/hollowtracker/databases/(default)","uid":"271b617b-edeb-469f-ba4b-a27fabc7c8fd","createTime":"2023-10-14T11:39:11.438541Z","updateTime":"2023-10-14T11:39:11.438541Z","locationId":"eur3","type":"FIRESTORE_NATIVE","concurrencyMode":"PESSIMISTIC","versionRetentionPeriod":"3600s","earliestVersionTime":"2023-10-14T11:39:11.438541Z","appEngineIntegrationMode":"DISABLED","keyPrefix":"e","pointInTimeRecoveryEnablement":"POINT_IN_TIME_RECOVERY_DISABLED","deleteProtectionState":"DELETE_PROTECTION_DISABLED","etag":"IOG3g4W89YEDMJ2Bxo+69YED"}
[debug] [2023-10-14T11:48:33.892Z] database_type: FIRESTORE_NATIVE
[debug] [2023-10-14T11:48:33.892Z] > command requires scopes: ["email","openid","https://www.googleapis.com/auth/cloudplatformprojects.readonly","https://www.googleapis.com/auth/firebase","https://www.googleapis.com/auth/cloud-platform"]
[debug] [2023-10-14T11:48:33.892Z] > authorizing via signed-in user (lizardonsprings@googlemail.com)
[debug] [2023-10-14T11:48:33.892Z] [iam] checking project hollowtracker for permissions ["firebase.projects.get"]
[debug] [2023-10-14T11:48:33.893Z] >>> [apiv2][query] POST https://cloudresourcemanager.googleapis.com/v1/projects/hollowtracker:testIamPermissions [none]
[debug] [2023-10-14T11:48:33.893Z] >>> [apiv2][(partial)header] POST https://cloudresourcemanager.googleapis.com/v1/projects/hollowtracker:testIamPermissions x-goog-quota-user=projects/hollowtracker
[debug] [2023-10-14T11:48:33.893Z] >>> [apiv2][body] POST https://cloudresourcemanager.googleapis.com/v1/projects/hollowtracker:testIamPermissions {"permissions":["firebase.projects.get"]}
[debug] [2023-10-14T11:48:34.542Z] <<< [apiv2][status] POST https://cloudresourcemanager.googleapis.com/v1/projects/hollowtracker:testIamPermissions 200
[debug] [2023-10-14T11:48:34.542Z] <<< [apiv2][body] POST https://cloudresourcemanager.googleapis.com/v1/projects/hollowtracker:testIamPermissions {"permissions":["firebase.projects.get"]}
[info] 
[info] Firestore Security Rules allow you to define how and when to allow
[info] requests. You can keep these rules in your project directory
[info] and publish them with firebase deploy.
[info] 
[debug] [2023-10-14T11:48:37.266Z] >>> [apiv2][query] GET https://firebaserules.googleapis.com/v1/projects/hollowtracker/releases pageSize=10&pageToken=
[debug] [2023-10-14T11:48:38.084Z] <<< [apiv2][status] GET https://firebaserules.googleapis.com/v1/projects/hollowtracker/releases 200
[debug] [2023-10-14T11:48:38.085Z] <<< [apiv2][body] GET https://firebaserules.googleapis.com/v1/projects/hollowtracker/releases {"releases":[{"name":"projects/hollowtracker/releases/cloud.firestore","rulesetName":"projects/hollowtracker/rulesets/a7978f46-5322-4198-8757-8fe8cfaa9f60","createTime":"2023-10-14T11:39:18.014940Z","updateTime":"2023-10-14T11:39:18.014940Z"}]}
[debug] [2023-10-14T11:48:38.085Z] Found ruleset: projects/hollowtracker/rulesets/a7978f46-5322-4198-8757-8fe8cfaa9f60
[debug] [2023-10-14T11:48:38.085Z] >>> [apiv2][query] GET https://firebaserules.googleapis.com/v1/projects/hollowtracker/rulesets/a7978f46-5322-4198-8757-8fe8cfaa9f60 [none]
[debug] [2023-10-14T11:48:38.737Z] <<< [apiv2][status] GET https://firebaserules.googleapis.com/v1/projects/hollowtracker/rulesets/a7978f46-5322-4198-8757-8fe8cfaa9f60 200
[debug] [2023-10-14T11:48:38.737Z] <<< [apiv2][body] GET https://firebaserules.googleapis.com/v1/projects/hollowtracker/rulesets/a7978f46-5322-4198-8757-8fe8cfaa9f60 [omitted]
[info] 
[info] Firestore indexes allow you to perform complex queries while
[info] maintaining performance that scales with the size of the result
[info] set. You can keep index definitions in your project directory
[info] and publish them with firebase deploy.
[info] 
[debug] [2023-10-14T11:48:41.239Z] >>> [apiv2][query] GET https://firestore.googleapis.com/v1/projects/hollowtracker/databases/(default)/collectionGroups/-/indexes [none]
[debug] [2023-10-14T11:48:41.240Z] >>> [apiv2][query] GET https://firestore.googleapis.com/v1/projects/hollowtracker/databases/(default)/collectionGroups/-/fields?filter=indexConfig.usesAncestorConfig=false OR ttlConfig:* [none]
[debug] [2023-10-14T11:48:41.395Z] <<< [apiv2][status] GET https://firestore.googleapis.com/v1/projects/hollowtracker/databases/(default)/collectionGroups/-/fields?filter=indexConfig.usesAncestorConfig=false OR ttlConfig:* 200
[debug] [2023-10-14T11:48:41.395Z] <<< [apiv2][body] GET https://firestore.googleapis.com/v1/projects/hollowtracker/databases/(default)/collectionGroups/-/fields?filter=indexConfig.usesAncestorConfig=false OR ttlConfig:* {"fields":[{"name":"projects/hollowtracker/databases/(default)/collectionGroups/__default__/fields/*","indexConfig":{"indexes":[{"queryScope":"COLLECTION","fields":[{"fieldPath":"*","order":"ASCENDING"}],"state":"READY"},{"queryScope":"COLLECTION","fields":[{"fieldPath":"*","order":"DESCENDING"}],"state":"READY"},{"queryScope":"COLLECTION","fields":[{"fieldPath":"*","arrayConfig":"CONTAINS"}],"state":"READY"}]}}]}
[debug] [2023-10-14T11:48:41.418Z] <<< [apiv2][status] GET https://firestore.googleapis.com/v1/projects/hollowtracker/databases/(default)/collectionGroups/-/indexes 200
[debug] [2023-10-14T11:48:41.418Z] <<< [apiv2][body] GET https://firestore.googleapis.com/v1/projects/hollowtracker/databases/(default)/collectionGroups/-/indexes {}
[info] 
=== Hosting Setup
[info] 
[info] Your public directory is the folder (relative to your project directory) that
[info] will contain Hosting assets to be uploaded with firebase deploy. If you
[info] have a build process for your assets, use your build's output directory.
[info] 
[debug] [2023-10-14T11:50:05.304Z] >>> [apiv2][query] GET https://www.gstatic.com/firebasejs/releases.json [none]
[debug] [2023-10-14T11:50:05.393Z] <<< [apiv2][status] GET https://www.gstatic.com/firebasejs/releases.json 200
[debug] [2023-10-14T11:50:05.394Z] <<< [apiv2][body] GET https://www.gstatic.com/firebasejs/releases.json {"current":{"version":"10.5.0","browserURL":"https://www.gstatic.com/firebasejs/10.5.0/firebase.js","packageURL":"https://www.gstatic.com/firebasejs/10.5.0/firebase.tgz"},"live":{"version":"10.5","browserURL":"https://www.gstatic.com/firebasejs/live/10.5/firebase.js","packageURL":"https://www.gstatic.com/firebasejs/live/10.5/firebase.tgz"},"components":{"analytics":"https://www.gstatic.com/firebasejs/10.5.0/firebase-analytics.js","app":"https://www.gstatic.com/firebasejs/10.5.0/firebase-app.js","app-check":"https://www.gstatic.com/firebasejs/10.5.0/firebase-app-check.js","auth":"https://www.gstatic.com/firebasejs/10.5.0/firebase-auth.js","auth/cordova":"https://www.gstatic.com/firebasejs/10.5.0/firebase-auth/cordova.js","functions":"https://www.gstatic.com/firebasejs/10.5.0/firebase-functions.js","firestore":"https://www.gstatic.com/firebasejs/10.5.0/firebase-firestore.js","firestore/lite":"https://www.gstatic.com/firebasejs/10.5.0/firebase-firestore/lite.js","installations":"https://www.gstatic.com/firebasejs/10.5.0/firebase-installations.js","storage":"https://www.gstatic.com/firebasejs/10.5.0/firebase-storage.js","performance":"https://www.gstatic.com/firebasejs/10.5.0/firebase-performance.js","remote-config":"https://www.gstatic.com/firebasejs/10.5.0/firebase-remote-config.js","messaging":"https://www.gstatic.com/firebasejs/10.5.0/firebase-messaging.js","messaging/sw":"https://www.gstatic.com/firebasejs/10.5.0/firebase-messaging/sw.js","database":"https://www.gstatic.com/firebasejs/10.5.0/firebase-database.js","firestore.memory":"https://www.gstatic.com/firebasejs/10.5.0/firebase-firestore.memory.js"}}
[info] +  Wrote public/index.html 
[info] 
[info] i  Didn't detect a .git folder. Assuming C:\Users\bren\Nerd\hollowtracker is the project root. 
[info] i  Authorizing with GitHub to upload your service account to a GitHub repository's secrets store. 
[info] 
[info] Visit this URL on this device to log in:
[info] https://github.com/login/oauth/authorize?client_id=89cf50f02ac6aaed3484&state=892954216&redirect_uri=http%3A%2F%2Flocalhost%3A9005&scope=read%3Auser%20repo%20public_repo
[info] 
[info] Waiting for authentication...
[debug] [2023-10-14T11:50:17.561Z] >>> [apiv2][query] POST https://github.com/login/oauth/access_token [none]
[debug] [2023-10-14T11:50:17.561Z] >>> [apiv2][body] POST https://github.com/login/oauth/access_token [stream]
[debug] [2023-10-14T11:50:17.832Z] <<< [apiv2][status] POST https://github.com/login/oauth/access_token 200
[debug] [2023-10-14T11:50:17.832Z] <<< [apiv2][body] POST https://github.com/login/oauth/access_token {"access_token":"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","token_type":"bearer","scope":"read:user,repo"}
[debug] [2023-10-14T11:50:17.836Z] >>> [apiv2][query] GET https://api.github.com/user [none]
[debug] [2023-10-14T11:50:18.129Z] <<< [apiv2][status] GET https://api.github.com/user 200
[debug] [2023-10-14T11:50:18.129Z] <<< [apiv2][body] GET https://api.github.com/user {"login":"lizardonsprings","id":74148420,"node_id":"MDQ6VXNlcjc0MTQ4NDIw","avatar_url":"https://avatars.githubusercontent.com/u/74148420?v=4","gravatar_id":"","url":"https://api.github.com/users/lizardonsprings","html_url":"https://github.com/lizardonsprings","followers_url":"https://api.github.com/users/lizardonsprings/followers","following_url":"https://api.github.com/users/lizardonsprings/following{/other_user}","gists_url":"https://api.github.com/users/lizardonsprings/gists{/gist_id}","starred_url":"https://api.github.com/users/lizardonsprings/starred{/owner}{/repo}","subscriptions_url":"https://api.github.com/users/lizardonsprings/subscriptions","organizations_url":"https://api.github.com/users/lizardonsprings/orgs","repos_url":"https://api.github.com/users/lizardonsprings/repos","events_url":"https://api.github.com/users/lizardonsprings/events{/privacy}","received_events_url":"https://api.github.com/users/lizardonsprings/received_events","type":"User","site_admin":false,"name":null,"company":null,"blog":"","location":null,"email":null,"hireable":null,"bio":null,"twitter_username":null,"public_repos":5,"public_gists":0,"followers":0,"following":1,"created_at":"2020-11-08T16:33:39Z","updated_at":"2023-10-02T08:58:20Z","private_gists":0,"total_private_repos":5,"owned_private_repos":5,"disk_usage":29110,"collaborators":0,"two_factor_authentication":false,"plan":{"name":"free","space":976562499,"collaborators":0,"private_repos":10000}}
[info] 
[info] +  Success! Logged into GitHub as lizardonsprings 
[info] 
